<?xml version="1.0" encoding="UTF-8"?>
<!-- Generated by org.testng.reporters.JUnitXMLReporter -->
<testsuite hostname="VEV-IN" ignored="0" name="ClassCandD" tests="6" failures="0" timestamp="08 Sep 2020 15:18:44 GMT" time="0.404" errors="0">
  <testcase name="tcC1" time="0.077" classname="org.oracle.ParallelExecMethodC"/>
  <testcase name="tcC2" time="0.016" classname="org.oracle.ParallelExecMethodC"/>
  <testcase name="tcC3" time="0.025" classname="org.oracle.ParallelExecMethodC"/>
  <testcase name="tcD1" time="0.008" classname="org.oracle.ParallelExecMethodD"/>
  <testcase name="tcD2" time="0.016" classname="org.oracle.ParallelExecMethodD"/>
  <testcase name="tcD3" time="0.013" classname="org.oracle.ParallelExecMethodD"/>
</testsuite> <!-- ClassCandD -->
