<?xml version="1.0" encoding="UTF-8"?>
<!-- Generated by org.testng.reporters.JUnitXMLReporter -->
<testsuite hostname="VEV-IN" ignored="0" name="ParallelMethods" tests="6" failures="0" timestamp="08 Sep 2020 15:11:43 GMT" time="0.48" errors="0">
  <testcase name="tc1" time="0.091" classname="org.oracle.ParallelExecMethodA"/>
  <testcase name="tc6" time="0.092" classname="org.oracle.ParallelExecMethodB"/>
  <testcase name="tc2" time="0.094" classname="org.oracle.ParallelExecMethodA"/>
  <testcase name="tc3" time="0.091" classname="org.oracle.ParallelExecMethodA"/>
  <testcase name="tc8" time="0.033" classname="org.oracle.ParallelExecMethodB"/>
  <testcase name="tc7" time="0.055" classname="org.oracle.ParallelExecMethodB"/>
</testsuite> <!-- ParallelMethods -->
